{
  "RSpec": {
    "coverage": {
      "/Users/sondang/Projects/Ruby/Coderschool/CoderTicket/spec/controllers/events_controller_spec.rb": [
        1,
        null,
        1,
        1,
        1,
        1,
        1,
        null,
        1,
        1,
        1,
        null,
        1,
        1,
        1,
        1,
        1,
        1,
        1,
        null,
        null,
        1,
        1,
        1,
        1,
        1,
        1,
        null,
        1,
        1,
        1,
        1,
        1,
        null,
        1,
        1,
        1,
        1,
        1,
        null,
        null,
        null
      ],
      "/Users/sondang/Projects/Ruby/Coderschool/CoderTicket/spec/rails_helper.rb": [
        null,
        1,
        1,
        null,
        1,
        1,
        1,
        null,
        null,
        null,
        null,
        null,
        null,
        null,
        null,
        null,
        null,
        null,
        null,
        null,
        null,
        null,
        null,
        null,
        null,
        null,
        1,
        null,
        1,
        null,
        1,
        null,
        null,
        null,
        null,
        1,
        null,
        null,
        null,
        null,
        null,
        null,
        null,
        null,
        null,
        null,
        null,
        null,
        null,
        null,
        1,
        null,
        null,
        1,
        null,
        null,
        null
      ],
      "/Users/sondang/Projects/Ruby/Coderschool/CoderTicket/config/environment.rb": [
        null,
        1,
        null,
        null,
        1
      ],
      "/Users/sondang/Projects/Ruby/Coderschool/CoderTicket/config/application.rb": [
        1,
        null,
        1,
        null,
        null,
        null,
        1,
        null,
        1,
        1,
        null,
        null,
        null,
        null,
        null,
        null,
        null,
        null,
        null,
        null,
        null,
        null,
        null,
        null,
        null,
        null
      ],
      "/Users/sondang/Projects/Ruby/Coderschool/CoderTicket/config/boot.rb": [
        1,
        null,
        1,
        null,
        null,
        1,
        1,
        1,
        1,
        1,
        0,
        null,
        null,
        null
      ],
      "/Users/sondang/Projects/Ruby/Coderschool/CoderTicket/config/environments/test.rb": [
        1,
        null,
        null,
        null,
        null,
        null,
        null,
        1,
        null,
        null,
        null,
        null,
        1,
        null,
        null,
        1,
        1,
        null,
        null,
        1,
        1,
        null,
        null,
        1,
        null,
        null,
        1,
        null,
        null,
        null,
        null,
        1,
        null,
        null,
        1,
        null,
        null,
        1,
        null,
        null,
        null,
        null
      ],
      "/Users/sondang/Projects/Ruby/Coderschool/CoderTicket/config/initializers/assets.rb": [
        null,
        null,
        null,
        1,
        null,
        null,
        null,
        null,
        null,
        null,
        null
      ],
      "/Users/sondang/Projects/Ruby/Coderschool/CoderTicket/config/initializers/backtrace_silencers.rb": [
        null,
        null,
        null,
        null,
        null,
        null,
        null
      ],
      "/Users/sondang/Projects/Ruby/Coderschool/CoderTicket/config/initializers/cookies_serializer.rb": [
        null,
        null,
        1
      ],
      "/Users/sondang/Projects/Ruby/Coderschool/CoderTicket/config/initializers/filter_parameter_logging.rb": [
        null,
        null,
        null,
        1
      ],
      "/Users/sondang/Projects/Ruby/Coderschool/CoderTicket/config/initializers/inflections.rb": [
        null,
        null,
        null,
        null,
        null,
        null,
        null,
        null,
        null,
        null,
        null,
        null,
        null,
        null,
        null,
        null
      ],
      "/Users/sondang/Projects/Ruby/Coderschool/CoderTicket/config/initializers/mime_types.rb": [
        null,
        null,
        null,
        null
      ],
      "/Users/sondang/Projects/Ruby/Coderschool/CoderTicket/config/initializers/session_store.rb": [
        null,
        null,
        1
      ],
      "/Users/sondang/Projects/Ruby/Coderschool/CoderTicket/config/initializers/simple_form.rb": [
        null,
        1,
        null,
        null,
        null,
        null,
        null,
        1,
        null,
        null,
        null,
        null,
        null,
        null,
        null,
        null,
        null,
        1,
        null,
        null,
        null,
        1,
        null,
        null,
        null,
        null,
        null,
        null,
        null,
        null,
        1,
        null,
        null,
        1,
        null,
        null,
        1,
        null,
        null,
        1,
        null,
        null,
        1,
        1,
        1,
        null,
        null,
        null,
        null,
        null,
        null,
        null,
        null,
        null,
        1,
        null,
        null,
        null,
        null,
        null,
        1,
        null,
        null,
        1,
        null,
        null,
        null,
        null,
        null,
        null,
        null,
        1,
        null,
        null,
        1,
        null,
        null,
        null,
        null,
        null,
        null,
        null,
        null,
        null,
        null,
        null,
        null,
        null,
        null,
        null,
        null,
        null,
        null,
        null,
        null,
        null,
        null,
        null,
        null,
        null,
        null,
        null,
        null,
        null,
        null,
        null,
        null,
        null,
        null,
        null,
        null,
        null,
        null,
        null,
        null,
        null,
        null,
        null,
        null,
        1,
        null,
        null,
        null,
        null,
        null,
        null,
        null,
        null,
        null,
        null,
        null,
        null,
        null,
        null,
        null,
        null,
        null,
        null,
        null,
        null,
        null,
        null,
        null,
        null,
        null,
        null,
        null,
        null,
        null,
        null,
        null,
        null,
        null,
        null,
        null,
        null,
        1,
        null,
        null,
        null,
        null,
        null,
        null,
        null,
        null
      ],
      "/Users/sondang/Projects/Ruby/Coderschool/CoderTicket/config/initializers/simple_form_bootstrap.rb": [
        null,
        1,
        1,
        1,
        1,
        null,
        1,
        1,
        1,
        1,
        1,
        1,
        1,
        1,
        null,
        1,
        1,
        1,
        null,
        null,
        1,
        1,
        1,
        1,
        1,
        1,
        null,
        1,
        1,
        1,
        null,
        null,
        1,
        1,
        1,
        null,
        1,
        1,
        null,
        null,
        1,
        1,
        null,
        null,
        1,
        1,
        1,
        1,
        1,
        1,
        1,
        null,
        null,
        1,
        1,
        1,
        1,
        1,
        1,
        1,
        1,
        null,
        1,
        1,
        1,
        1,
        null,
        null,
        null,
        1,
        1,
        1,
        1,
        1,
        1,
        null,
        1,
        1,
        1,
        1,
        null,
        null,
        null,
        1,
        1,
        1,
        null,
        1,
        1,
        1,
        null,
        null,
        1,
        1,
        null,
        null,
        null,
        1,
        1,
        1,
        null,
        1,
        null,
        1,
        1,
        1,
        1,
        null,
        null,
        null,
        1,
        1,
        1,
        1,
        1,
        1,
        1,
        1,
        null,
        1,
        1,
        1,
        null,
        null,
        1,
        1,
        1,
        1,
        1,
        1,
        1,
        1,
        null,
        null,
        null,
        null,
        null,
        null,
        1,
        1,
        null,
        null,
        null,
        null,
        null,
        null,
        null,
        null,
        null
      ],
      "/Users/sondang/Projects/Ruby/Coderschool/CoderTicket/config/initializers/wrap_parameters.rb": [
        null,
        null,
        null,
        null,
        null,
        null,
        1,
        2,
        null,
        null,
        null,
        null,
        null,
        null
      ],
      "/Users/sondang/Projects/Ruby/Coderschool/CoderTicket/config/routes.rb": [
        1,
        1,
        null,
        1,
        1,
        null,
        1,
        1,
        1,
        1,
        1,
        1,
        1,
        null,
        1,
        1,
        null,
        null
      ],
      "/Users/sondang/Projects/Ruby/Coderschool/CoderTicket/app/helpers/application_helper.rb": [
        1,
        1,
        0,
        null,
        null,
        1,
        null,
        0,
        0,
        null,
        0,
        null,
        null
      ],
      "/Users/sondang/Projects/Ruby/Coderschool/CoderTicket/app/helpers/events_helper.rb": [
        1,
        1,
        0,
        null,
        null
      ],
      "/Users/sondang/Projects/Ruby/Coderschool/CoderTicket/app/helpers/search_helper.rb": [
        1,
        null
      ],
      "/Users/sondang/Projects/Ruby/Coderschool/CoderTicket/app/helpers/tickets_helper.rb": [
        1,
        1,
        0,
        0,
        0,
        0,
        0,
        0,
        0,
        0,
        null,
        null,
        null,
        0,
        null,
        null
      ],
      "/Users/sondang/Projects/Ruby/Coderschool/CoderTicket/app/helpers/users_helper.rb": [
        1,
        null
      ],
      "/Users/sondang/Projects/Ruby/Coderschool/CoderTicket/app/controllers/events_controller.rb": [
        1,
        1,
        3,
        null,
        null,
        1,
        3,
        null,
        null,
        1,
        0,
        null,
        null
      ],
      "/Users/sondang/Projects/Ruby/Coderschool/CoderTicket/app/controllers/application_controller.rb": [
        1,
        null,
        null,
        1,
        1,
        1,
        0,
        0,
        0,
        null,
        null,
        null
      ],
      "/Users/sondang/Projects/Ruby/Coderschool/CoderTicket/spec/controllers/search_controller_spec.rb": [
        1,
        null,
        1,
        1,
        1,
        1,
        1,
        null,
        1,
        1,
        1,
        1,
        1,
        1,
        1,
        null,
        null,
        1,
        1,
        1,
        1,
        1,
        1,
        1,
        null,
        null,
        1,
        1,
        1,
        1,
        1,
        1,
        1,
        null,
        null,
        null
      ],
      "/Users/sondang/Projects/Ruby/Coderschool/CoderTicket/app/controllers/search_controller.rb": [
        1,
        1,
        4,
        2,
        null,
        2,
        null,
        null,
        null
      ],
      "/Users/sondang/Projects/Ruby/Coderschool/CoderTicket/spec/controllers/tickets_controller_spec.rb": [
        1,
        null,
        1,
        null,
        1,
        1,
        1,
        1,
        null,
        1,
        1,
        1,
        null,
        null,
        1,
        1,
        1,
        1,
        1,
        null,
        null,
        null,
        null
      ],
      "/Users/sondang/Projects/Ruby/Coderschool/CoderTicket/app/controllers/tickets_controller.rb": [
        1,
        1,
        3,
        null,
        null,
        1,
        0,
        0,
        0,
        0,
        null,
        0,
        null,
        0,
        0,
        0,
        null,
        null,
        null
      ],
      "/Users/sondang/Projects/Ruby/Coderschool/CoderTicket/spec/controllers/users_controller_spec.rb": [
        1,
        null,
        1,
        1,
        1,
        1,
        1,
        null,
        1,
        1,
        1,
        null,
        1,
        1,
        1,
        null,
        null,
        1,
        1,
        1,
        1,
        null,
        1,
        1,
        1,
        null,
        null,
        null,
        1,
        1,
        1,
        1,
        1,
        null,
        null,
        1,
        1,
        1,
        null,
        null,
        1,
        2,
        null,
        null,
        1,
        1,
        1,
        null,
        null,
        1,
        1,
        1,
        null,
        null,
        null,
        null,
        1,
        1,
        1,
        1,
        null,
        1,
        1,
        1,
        1,
        null,
        1,
        1,
        1,
        1,
        null,
        null,
        1,
        1,
        1,
        1,
        null,
        1,
        1,
        1,
        1,
        null,
        1,
        1,
        1,
        1,
        null,
        null,
        null,
        1,
        1,
        1,
        1,
        1,
        null,
        1,
        1,
        1,
        1,
        null,
        null,
        null,
        1,
        1,
        1,
        1,
        null,
        1,
        1,
        1,
        null,
        1,
        1,
        1,
        null,
        null,
        null
      ],
      "/Users/sondang/Projects/Ruby/Coderschool/CoderTicket/app/controllers/users_controller.rb": [
        1,
        1,
        3,
        null,
        1,
        5,
        4,
        3,
        3,
        3,
        null,
        1,
        null,
        null,
        null,
        1,
        null,
        null,
        null,
        1,
        6,
        6,
        3,
        1,
        1,
        1,
        null,
        null,
        2,
        2,
        null,
        null,
        null,
        3,
        3,
        3,
        null,
        null,
        null,
        1,
        2,
        null,
        2,
        4,
        null,
        null,
        null,
        1,
        5,
        null,
        null,
        1,
        3,
        3,
        null,
        null
      ],
      "/Users/sondang/Projects/Ruby/Coderschool/CoderTicket/spec/helpers/search_helper_spec.rb": [
        1,
        null,
        null,
        null,
        null,
        null,
        null,
        null,
        null,
        null,
        null,
        null,
        1,
        1,
        null
      ],
      "/Users/sondang/Projects/Ruby/Coderschool/CoderTicket/spec/helpers/users_helper_spec.rb": [
        1,
        null,
        null,
        null,
        null,
        null,
        null,
        null,
        null,
        null,
        null,
        null,
        1,
        1,
        null
      ],
      "/Users/sondang/Projects/Ruby/Coderschool/CoderTicket/spec/models/event_spec.rb": [
        1,
        null,
        1,
        1,
        null,
        1,
        1,
        1,
        null,
        null,
        1,
        1,
        1,
        1,
        null,
        null,
        1,
        1,
        1,
        1,
        1,
        1,
        1,
        1,
        null,
        null,
        1,
        1,
        1,
        1,
        null,
        null,
        null,
        1,
        1,
        1,
        1,
        null,
        1,
        1,
        1,
        1,
        null,
        null,
        null,
        1,
        1,
        1,
        1,
        1,
        1,
        1,
        1,
        1,
        null,
        1,
        1,
        1,
        1,
        1,
        1,
        1,
        1,
        null,
        null,
        null,
        1,
        1,
        1,
        1,
        1,
        null,
        null,
        1,
        1,
        1,
        1,
        1,
        null,
        null,
        1,
        1,
        1,
        1,
        1,
        null,
        null,
        null
      ],
      "/Users/sondang/Projects/Ruby/Coderschool/CoderTicket/app/models/event.rb": [
        1,
        1,
        1,
        1,
        null,
        1,
        1,
        null,
        1,
        7,
        null,
        null,
        1,
        4,
        null,
        null,
        1,
        1,
        1,
        1,
        null,
        1,
        26,
        26,
        null,
        null
      ],
      "/Users/sondang/Projects/Ruby/Coderschool/CoderTicket/spec/models/ticket_spec.rb": [
        1,
        null,
        1,
        1,
        null
      ],
      "/Users/sondang/Projects/Ruby/Coderschool/CoderTicket/app/models/ticket.rb": [
        1,
        1,
        1,
        1,
        0,
        null,
        null,
        1,
        0,
        0,
        null,
        null,
        null,
        null,
        null,
        null,
        null
      ],
      "/Users/sondang/Projects/Ruby/Coderschool/CoderTicket/app/models/application_record.rb": [
        1,
        1,
        null
      ],
      "/Users/sondang/Projects/Ruby/Coderschool/CoderTicket/spec/models/ticket_type_spec.rb": [
        1,
        null,
        1,
        1,
        1,
        1,
        1,
        1,
        1,
        1,
        1,
        null,
        null,
        null
      ],
      "/Users/sondang/Projects/Ruby/Coderschool/CoderTicket/app/models/ticket_type.rb": [
        1,
        1,
        1,
        1,
        1,
        null,
        null
      ],
      "/Users/sondang/Projects/Ruby/Coderschool/CoderTicket/spec/models/user_spec.rb": [
        1,
        null,
        1,
        1,
        null
      ],
      "/Users/sondang/Projects/Ruby/Coderschool/CoderTicket/app/models/user.rb": [
        1,
        1,
        1,
        null
      ],
      "/Users/sondang/Projects/Ruby/Coderschool/CoderTicket/spec/routes/authenticate_spec.rb": [
        1,
        1,
        1,
        1,
        null,
        null
      ],
      "/Users/sondang/Projects/Ruby/Coderschool/CoderTicket/spec/routes/buy_spec.rb": [
        1,
        1,
        1,
        1,
        null,
        null
      ],
      "/Users/sondang/Projects/Ruby/Coderschool/CoderTicket/spec/routes/buy_ticket_spec.rb": [
        1,
        1,
        1,
        1,
        null,
        null
      ],
      "/Users/sondang/Projects/Ruby/Coderschool/CoderTicket/spec/routes/check_email_spec.rb": [
        1,
        1,
        1,
        1,
        null,
        null
      ],
      "/Users/sondang/Projects/Ruby/Coderschool/CoderTicket/spec/routes/search_spec.rb": [
        1,
        1,
        1,
        1,
        null,
        null
      ],
      "/Users/sondang/Projects/Ruby/Coderschool/CoderTicket/spec/routes/show_event_spec.rb": [
        1,
        1,
        1,
        1,
        null,
        null
      ],
      "/Users/sondang/Projects/Ruby/Coderschool/CoderTicket/spec/routes/sign_in_spec.rb": [
        1,
        1,
        1,
        1,
        null,
        null
      ],
      "/Users/sondang/Projects/Ruby/Coderschool/CoderTicket/spec/routes/sign_out_spec.rb": [
        1,
        1,
        1,
        1,
        null,
        null
      ],
      "/Users/sondang/Projects/Ruby/Coderschool/CoderTicket/spec/routes/sign_up_spec.rb": [
        1,
        1,
        1,
        1,
        null,
        1,
        1,
        null,
        null
      ],
      "/Users/sondang/Projects/Ruby/Coderschool/CoderTicket/spec/routes/upcoming_spec.rb": [
        1,
        1,
        1,
        1,
        null,
        null
      ],
      "/Users/sondang/Projects/Ruby/Coderschool/CoderTicket/spec/views/events/index.html.erb_spec.rb": [
        1,
        null,
        1,
        1,
        1,
        1,
        1,
        1,
        1,
        1,
        null,
        null
      ],
      "/Users/sondang/Projects/Ruby/Coderschool/CoderTicket/spec/views/tickets/new.html.erb_spec.rb": [
        1,
        null,
        1,
        1,
        null
      ],
      "/Users/sondang/Projects/Ruby/Coderschool/CoderTicket/spec/views/users/new.html.erb_spec.rb": [
        1,
        null,
        1,
        1,
        1,
        1,
        1,
        null,
        1,
        1,
        1,
        1,
        null,
        null,
        1,
        1,
        1,
        1,
        null,
        null
      ],
      "/Users/sondang/Projects/Ruby/Coderschool/CoderTicket/spec/views/users/sign_in.html.erb_spec.rb": [
        1,
        null,
        1,
        1,
        1,
        1,
        null,
        1,
        1,
        1,
        null,
        null,
        1,
        1,
        1,
        null,
        null
      ],
      "/Users/sondang/Projects/Ruby/Coderschool/CoderTicket/app/models/venue.rb": [
        1,
        1,
        1,
        null
      ],
      "/Users/sondang/Projects/Ruby/Coderschool/CoderTicket/app/models/category.rb": [
        1,
        1,
        1,
        null
      ]
    },
    "timestamp": 1499001395
  }
}
